{"anything":"This is metadata","level":"info","message":"Test Log Message","timestamp":"2016-10-20T22:01:35.435Z"}
{"anything":"This is metadata","level":"info","message":"Test Log Message","timestamp":"2016-10-20T22:06:20.761Z"}
{"level":"info","message":"Transaction Transaction Successfull for 57f54dd36df11022ac5d7769","timestamp":"2016-10-20T22:25:38.081Z"}
{"level":"info","message":"Booking Booking Successfull to 57f54dd36df11022ac5d7769","timestamp":"2016-10-20T22:25:38.590Z"}
{"level":"info","message":"Email Sent Email has been sent","timestamp":"2016-10-20T22:25:42.562Z"}
{"level":"info","message":"Transaction Transaction Successfull for 57f54dd36df11022ac5d7769","timestamp":"2016-10-20T22:47:40.285Z"}
{"level":"info","message":"Booking Booking Successfull to 57f54dd36df11022ac5d7769","timestamp":"2016-10-20T22:47:40.750Z"}
{"level":"info","message":"Email Sent Email has been sent","timestamp":"2016-10-20T22:47:44.583Z"}
{"level":"info","message":"Transaction Transaction Successfull for 57f54dd36df11022ac5d7769","timestamp":"2016-10-20T23:21:08.284Z"}
{"level":"info","message":"Booking Booking Successfull to 57f54dd36df11022ac5d7769","timestamp":"2016-10-20T23:21:08.768Z"}
{"level":"info","message":"Email Sent Email has been sent","timestamp":"2016-10-20T23:21:11.205Z"}
{"level":"info","message":"Transaction Transaction Successfull for 580e6bff0c89ab33bbcd296d","timestamp":"2016-10-24T20:17:36.731Z"}
{"level":"info","message":"Booking Booking Successfull to 580e6bff0c89ab33bbcd296d","timestamp":"2016-10-24T20:17:37.549Z"}
{"level":"info","message":"Transaction Transaction Successfull for 580e6bff0c89ab33bbcd296d","timestamp":"2016-10-24T20:27:28.610Z"}
{"level":"info","message":"Booking Booking Successfull to 580e6bff0c89ab33bbcd296d","timestamp":"2016-10-24T20:27:29.172Z"}
{"level":"info","message":"Transaction Transaction Successfull for 580e6bff0c89ab33bbcd296d","timestamp":"2016-10-24T20:29:36.073Z"}
{"level":"info","message":"Booking Booking Successfull to 580e6bff0c89ab33bbcd296d","timestamp":"2016-10-24T20:29:36.682Z"}
{"level":"info","message":"Transaction Transaction Successfull for 580e6bff0c89ab33bbcd296d","timestamp":"2016-10-24T20:37:46.673Z"}
{"level":"info","message":"Booking Booking Successfull to 580e6bff0c89ab33bbcd296d","timestamp":"2016-10-24T20:37:47.272Z"}
{"level":"info","message":"Transaction Transaction Successfull for 580e6bff0c89ab33bbcd296d","timestamp":"2016-10-24T20:42:03.879Z"}
{"level":"info","message":"Booking Booking Successfull to 580e6bff0c89ab33bbcd296d","timestamp":"2016-10-24T20:42:04.433Z"}
{"level":"info","message":"Transaction Transaction Successfull for 580e6bff0c89ab33bbcd296d","timestamp":"2016-10-24T20:52:51.384Z"}
{"level":"info","message":"Booking Booking Successfull to 580e6bff0c89ab33bbcd296d","timestamp":"2016-10-24T20:52:51.948Z"}
{"level":"info","message":"Transaction Transaction Successfull for 580e6bff0c89ab33bbcd296d","timestamp":"2016-10-24T21:14:11.595Z"}
{"level":"info","message":"Booking Booking Successfull to 580e6bff0c89ab33bbcd296d","timestamp":"2016-10-24T21:14:12.058Z"}
{"level":"info","message":"Transaction Transaction Successfull for 580e6bff0c89ab33bbcd296d","timestamp":"2016-10-24T21:16:56.148Z"}
{"level":"info","message":"Booking Booking Successfull to 580e6bff0c89ab33bbcd296d","timestamp":"2016-10-24T21:16:56.643Z"}
{"level":"info","message":"Transaction Transaction Successfull for 580e6bff0c89ab33bbcd296d","timestamp":"2016-10-24T21:27:16.105Z"}
{"level":"info","message":"Booking Booking Successfull to 580e6bff0c89ab33bbcd296d","timestamp":"2016-10-24T21:27:16.594Z"}
{"level":"info","message":"Transaction Transaction Successfull for 580e6bff0c89ab33bbcd296d","timestamp":"2016-10-24T22:04:32.110Z"}
{"level":"info","message":"Booking Booking Successfull to 580e6bff0c89ab33bbcd296d","timestamp":"2016-10-24T22:04:32.401Z"}
{"level":"info","message":"Transaction Transaction Successfull for 580e6bff0c89ab33bbcd296d","timestamp":"2016-10-24T22:08:37.079Z"}
{"level":"info","message":"Booking Booking Successfull to 580e6bff0c89ab33bbcd296d","timestamp":"2016-10-24T22:08:37.635Z"}
{"level":"info","message":"Booking Booking Initiated Successfull to undefined","timestamp":"2016-10-25T20:17:18.891Z"}
{"level":"info","message":"Booking Booking Initiated Successfull to 580e5db563394b28315a17fd","timestamp":"2016-10-25T20:21:27.266Z"}
{"level":"info","message":"Booking Booking Initiated Successfull to 580e5db563394b28315a17fd","timestamp":"2016-10-25T20:32:19.191Z"}
{"level":"info","message":"Booking Booking Initiated Successfull to 580e5db563394b28315a17fd","timestamp":"2016-10-25T20:57:49.045Z"}
{"level":"info","message":"Booking Booking Confirmed to undefined","timestamp":"2016-10-25T20:59:12.920Z"}
{"paypal":"An unauthorized attempt has been made by userId ","level":"error","message":"Paypal","timestamp":"2016-10-25T21:01:43.524Z"}
{"paypal":"An unauthorized attempt has been made by userId ","level":"error","message":"Paypal","timestamp":"2016-10-25T21:02:25.355Z"}
{"paypal":"An unauthorized attempt has been made by userId ","level":"error","message":"Paypal","timestamp":"2016-10-25T21:02:43.006Z"}
{"paypal":"An unauthorized attempt has been made by userId ","level":"error","message":"Paypal","timestamp":"2016-10-25T21:03:04.609Z"}
{"level":"info","message":"Booking Booking Initiated Successfull to 580e5db563394b28315a17fd","timestamp":"2016-10-25T21:05:42.492Z"}
{"level":"info","message":"Booking Booking Confirmed to undefined","timestamp":"2016-10-25T21:08:58.672Z"}
{"level":"info","message":"Booking Booking Initiated Successfull to 580e5db563394b28315a17fd","timestamp":"2016-10-25T21:24:03.290Z"}
{"level":"info","message":"Booking Booking Confirmed to undefined","timestamp":"2016-10-25T21:25:40.782Z"}
{"paypal":"An unauthorized attempt has been made by userId ","level":"error","message":"Paypal","timestamp":"2016-10-25T21:31:00.010Z"}
{"level":"info","message":"Booking Booking Initiated Successfull to 580e5db563394b28315a17fd","timestamp":"2016-10-25T21:41:09.355Z"}
{"level":"info","message":"Booking Booking Confirmed to 580e5db563394b28315a17fd","timestamp":"2016-10-25T21:42:30.344Z"}
{"level":"info","message":"Booking Booking Initiated Successfull to 580e5db563394b28315a17fd","timestamp":"2016-10-25T21:45:43.112Z"}
{"level":"info","message":"Booking Booking Initiated Successfull to 580e5db563394b28315a17fd","timestamp":"2016-10-25T21:48:53.482Z"}
{"level":"info","message":"Booking Booking Confirmed to 580e5db563394b28315a17fd","timestamp":"2016-10-25T21:50:22.017Z"}
{"level":"info","message":"Booking Booking Initiated Successfull to 580e5db563394b28315a17fd","timestamp":"2016-10-25T22:20:25.290Z"}
{"level":"info","message":"Booking Booking Confirmed to 580e5db563394b28315a17fd","timestamp":"2016-10-25T22:22:08.965Z"}
{"level":"info","message":"Booking Booking Initiated Successfull to 57f54dd36df11022ac5d7769","timestamp":"2016-10-25T22:33:04.900Z"}
{"level":"info","message":"Booking Booking Confirmed to 57f54dd36df11022ac5d7769","timestamp":"2016-10-25T22:35:37.385Z"}
{"level":"info","message":"Booking Booking Initiated Successfull to 58112878b3aca8142f83ccba","timestamp":"2016-10-26T22:27:41.115Z"}
{"level":"info","message":"Booking Booking Initiated Successfull to 58112878b3aca8142f83ccba","timestamp":"2016-10-26T22:48:47.648Z"}
{"level":"info","message":"Booking Booking Initiated Successfull to 58112878b3aca8142f83ccba","timestamp":"2016-10-26T22:54:26.535Z"}
{"level":"info","message":"Booking Booking Initiated Successfull to 58112878b3aca8142f83ccba","timestamp":"2016-10-26T23:27:38.788Z"}
{"level":"info","message":"Booking Booking Initiated Successfull to 58112878b3aca8142f83ccba","timestamp":"2016-10-26T23:33:07.039Z"}
{"level":"info","message":"Booking Booking Initiated Successfull to 58112878b3aca8142f83ccba","timestamp":"2016-10-26T23:33:23.259Z"}
{"level":"info","message":"Booking Booking Initiated Successfull to 58112878b3aca8142f83ccba","timestamp":"2016-10-26T23:37:01.857Z"}
{"level":"error","message":"Paypal Payment Url Paypal Error in getting URl 58112878b3aca8142f83ccba","timestamp":"2016-10-26T23:37:03.003Z"}
{"level":"info","message":"Booking Booking Initiated Successfull to 58112878b3aca8142f83ccba","timestamp":"2016-10-26T23:37:21.304Z"}
{"level":"error","message":"Paypal Payment Url Paypal Error in getting URl 58112878b3aca8142f83ccba","timestamp":"2016-10-26T23:37:22.454Z"}
{"level":"info","message":"Booking Booking Initiated Successfull to 58112878b3aca8142f83ccba","timestamp":"2016-10-26T23:37:43.021Z"}
{"level":"error","message":"Paypal Payment Url Paypal Error in getting URl 58112878b3aca8142f83ccba","timestamp":"2016-10-26T23:37:44.130Z"}
{"level":"info","message":"Booking Booking Initiated Successfull to 58112878b3aca8142f83ccba","timestamp":"2016-10-26T23:38:18.680Z"}
{"level":"error","message":"Paypal Payment Url Paypal Error in getting URl 58112878b3aca8142f83ccba","timestamp":"2016-10-26T23:38:19.751Z"}
{"level":"info","message":"Booking Booking Initiated Successfull to 58112878b3aca8142f83ccba","timestamp":"2016-10-26T23:38:29.366Z"}
{"level":"error","message":"Paypal Payment Url Paypal Error in getting URl 58112878b3aca8142f83ccba","timestamp":"2016-10-26T23:38:31.112Z"}
{"level":"info","message":"Booking Booking Initiated Successfull to 58112878b3aca8142f83ccba","timestamp":"2016-10-26T23:39:42.825Z"}
{"level":"error","message":"Paypal Payment Url Paypal Error in getting URl 58112878b3aca8142f83ccba","timestamp":"2016-10-26T23:39:44.062Z"}
{"level":"info","message":"Booking Booking Initiated Successfull to 58112878b3aca8142f83ccba","timestamp":"2016-10-26T23:40:43.937Z"}
{"level":"error","message":"Paypal Payment Url Paypal Error in getting URl 58112878b3aca8142f83ccba","timestamp":"2016-10-26T23:40:45.148Z"}
{"level":"info","message":"Booking Booking Initiated Successfull to 58112878b3aca8142f83ccba","timestamp":"2016-10-26T23:41:37.369Z"}
{"level":"error","message":"Paypal Payment Url Paypal Error in getting URl 58112878b3aca8142f83ccba","timestamp":"2016-10-26T23:41:38.525Z"}
{"level":"info","message":"Booking Booking Initiated Successfull to 58112878b3aca8142f83ccba","timestamp":"2016-10-26T23:44:15.378Z"}
{"level":"info","message":"Booking Booking Initiated Successfull to 58112878b3aca8142f83ccba","timestamp":"2016-10-27T17:53:10.940Z"}
{"Paypal Error in getting URl=== ":{},"level":"error","message":"Paypal Payment Url","timestamp":"2016-10-27T17:53:12.094Z"}
{"level":"info","message":"Booking Booking Initiated Successfull to 58112878b3aca8142f83ccba","timestamp":"2016-10-27T17:54:11.892Z"}
{"Paypal Error in getting URl=== ":{},"level":"error","message":"Paypal Payment Url","timestamp":"2016-10-27T17:54:13.138Z"}
{"level":"info","message":"Booking Booking Initiated Successfull to 58112878b3aca8142f83ccba","timestamp":"2016-10-27T17:55:11.169Z"}
{"Paypal Error in getting URl=== ":{},"level":"error","message":"Paypal Payment Url","timestamp":"2016-10-27T17:55:15.799Z"}
{"level":"info","message":"Booking Booking Initiated Successfull to 58112878b3aca8142f83ccba","timestamp":"2016-10-27T17:56:38.133Z"}
{"Paypal Error in getting URl=== ":{},"level":"error","message":"Paypal Payment Url","timestamp":"2016-10-27T17:56:39.309Z"}
{"level":"info","message":"Booking Booking Initiated Successfull to 57f54dd36df11022ac5d7769","timestamp":"2016-10-27T20:53:12.024Z"}
{"level":"info","message":"Booking Booking Confirmed to 57f54dd36df11022ac5d7769","timestamp":"2016-10-27T20:54:08.826Z"}
{"level":"info","message":"Booking Booking Initiated Successfull to 58112878b3aca8142f83ccba","timestamp":"2016-11-02T19:40:43.868Z"}
{"level":"info","message":"Booking Booking Confirmed to 58112878b3aca8142f83ccba","timestamp":"2016-11-02T19:43:56.444Z"}
{"level":"info","message":"Booking Booking Initiated Successfull to 581a52f33244282772e08516","timestamp":"2016-11-02T22:49:24.484Z"}
{"level":"info","message":"Booking Booking Confirmed to 581a52f33244282772e08516","timestamp":"2016-11-02T22:50:29.686Z"}
{"level":"info","message":"Booking Booking Initiated Successfull to 581a52f33244282772e08516","timestamp":"2016-11-02T22:51:55.580Z"}
{"level":"info","message":"Booking Booking Confirmed to 581a52f33244282772e08516","timestamp":"2016-11-02T22:52:29.791Z"}
{"level":"info","message":"Booking Booking Initiated Successfull to 57f54dd36df11022ac5d7769","timestamp":"2016-11-03T17:11:54.115Z"}
{"level":"info","message":"Booking Booking Confirmed to 57f54dd36df11022ac5d7769","timestamp":"2016-11-03T17:12:39.266Z"}
